<?xml version="1.0" encoding="UTF-8"?>
<testng-results ignored="0" total="1" passed="1" failed="0" skipped="0">
  <reporter-output>
  </reporter-output>
  <suite started-at="2025-08-16T21:52:06 IST" name="Surefire suite" finished-at="2025-08-16T21:52:09 IST" duration-ms="2826">
    <groups>
      <group name="cucumber">
        <method signature="AbstractTestNGCucumberTests.runScenario(io.cucumber.testng.PickleWrapper,io.cucumber.testng.FeatureWrapper)[pri:0, instance:testrunner.TestRunner@3c130745]" name="runScenario" class="io.cucumber.testng.AbstractTestNGCucumberTests"/>
      </group> <!-- cucumber -->
    </groups>
    <test started-at="2025-08-16T21:52:06 IST" name="Surefire test" finished-at="2025-08-16T21:52:09 IST" duration-ms="2826">
      <class name="testrunner.TestRunner">
        <test-method is-config="true" signature="setUpClass(org.testng.ITestContext)[pri:0, instance:testrunner.TestRunner@3c130745]" started-at="2025-08-16T21:52:06 IST" name="setUpClass" finished-at="2025-08-16T21:52:06 IST" duration-ms="204" status="PASS">
          <params>
            <param index="0">
              <value>
                <![CDATA[org.testng.TestRunner@69da0b12]]>
              </value>
            </param>
          </params>
          <reporter-output>
          </reporter-output>
        </test-method> <!-- setUpClass -->
        <test-method signature="runScenario(io.cucumber.testng.PickleWrapper,io.cucumber.testng.FeatureWrapper)[pri:0, instance:testrunner.TestRunner@3c130745]" started-at="2025-08-16T21:52:06 IST" name="runScenario" description="Runs Cucumber Scenarios" data-provider="scenarios" finished-at="2025-08-16T21:52:09 IST" duration-ms="2596" status="PASS">
          <params>
            <param index="0">
              <value>
                <![CDATA["To verify successful login with valid credentials"]]>
              </value>
            </param>
            <param index="1">
              <value>
                <![CDATA["Login functionality"]]>
              </value>
            </param>
          </params>
          <reporter-output>
          </reporter-output>
        </test-method> <!-- runScenario -->
        <test-method is-config="true" signature="tearDownClass()[pri:0, instance:testrunner.TestRunner@3c130745]" started-at="2025-08-16T21:52:09 IST" name="tearDownClass" finished-at="2025-08-16T21:52:09 IST" duration-ms="13" status="PASS">
          <reporter-output>
          </reporter-output>
        </test-method> <!-- tearDownClass -->
      </class> <!-- testrunner.TestRunner -->
    </test> <!-- Surefire test -->
  </suite> <!-- Surefire suite -->
</testng-results>
