<?xml version="1.0" encoding="UTF-8"?>
<testsuite xmlns:xsi="http://www.w3.org/2001/XMLSchema-instance" xsi:noNamespaceSchemaLocation="https://maven.apache.org/surefire/maven-surefire-plugin/xsd/surefire-test-report.xsd" version="3.0.1" name="TestSuite" time="8.017" tests="1" errors="0" skipped="0" failures="0">
  <properties>
[...]
</properties>
  <testcase name="runScenario[&quot;To verify successful login with valid credentials&quot;, &quot;Login functionality&quot;](1)" classname="testrunner.TestRunner" time="2.597">
    <system-out><![CDATA[
&amp#27;[1mScenario Outline:&amp#27;[22m To verify successful login with valid credentials            &amp#27;[90m# file:///Users/vikashkumar/eclipse-workspace/maven_bdd_cucumber_git/src/test/java/features/login.feature:11&amp#27;[39m
  &amp#27;[32m✔&amp#27;[39m &amp#27;[32m&amp#27;[1mGiven &amp#27;[22mUser is on sauce demo login page&amp#27;[39m                                     &amp#27;[90m# stepdefinitions.Login.user_is_on_sauce_demo_login_page()&amp#27;[39m
  &amp#27;[32m✔&amp#27;[39m &amp#27;[32m&amp#27;[1mWhen &amp#27;[22mUser enters valid credentials with &amp#27;[1m"standard_user"&amp#27;[22m and &amp#27;[1m"secret_sauce"&amp#27;[22m&amp#27;[39m &amp#27;[90m# stepdefinitions.Login.user_enters_valid_credentials_with_and(java.lang.String,java.lang.String)&amp#27;[39m
  &amp#27;[32m✔&amp#27;[39m &amp#27;[32m&amp#27;[1mAnd &amp#27;[22mUser clicks on login button&amp#27;[39m                                            &amp#27;[90m# stepdefinitions.Login.user_clicks_on_login_button()&amp#27;[39m
  &amp#27;[32m✔&amp#27;[39m &amp#27;[32m&amp#27;[1mThen &amp#27;[22mUser should be navigated to home page&amp#27;[39m                                 &amp#27;[90m# stepdefinitions.Login.user_should_be_navigated_to_home_page()&amp#27;[39m
]]></system-out>
    <system-err><![CDATA[SLF4J(W): No SLF4J providers were found.
SLF4J(W): Defaulting to no-operation (NOP) logger implementation
SLF4J(W): See https://www.slf4j.org/codes.html#noProviders for further details.
Aug 16, 2025 9:52:07 PM org.openqa.selenium.devtools.CdpVersionFinder findNearestMatch
WARNING: Unable to find an exact match for CDP version 139, returning the closest version; found: 138; Please update to a Selenium version that supports CDP version 139
]]></system-err>
  </testcase>
</testsuite>